# JRE version: Java(TM) SE Runtime Environment (12.0.1+12) (build 12.0.1+12)
# Java VM: Java HotSpot(TM) 64-Bit Server VM (12.0.1+12, mixed mode, sharing, tiered, compressed oops, g1 gc, windows-amd64)
Heap:
 garbage-first heap   total 157696K, used 14421K [0x0000000080000000, 0x0000000100000000)
  region size 1024K, 9 young (9216K), 8 survivors (8192K)
 Metaspace       used 20716K, capacity 21227K, committed 21552K, reserved 1069056K
  class space    used 2687K, capacity 2884K, committed 2944K, reserved 1048576K
GC Heap History (10 events):
Event: 1.137 GC heap before
{Heap before GC invocations=0 (full 0):
 garbage-first heap   total 131072K, used 14336K [0x0000000080000000, 0x0000000100000000)
  region size 1024K, 14 young (14336K), 0 survivors (0K)
 Metaspace       used 5714K, capacity 6109K, committed 6272K, reserved 1056768K
  class space    used 718K, capacity 810K, committed 896K, reserved 1048576K
}
Event: 1.147 GC heap after
{Heap after GC invocations=1 (full 0):
 garbage-first heap   total 131072K, used 4394K [0x0000000080000000, 0x0000000100000000)
  region size 1024K, 2 young (2048K), 2 survivors (2048K)
 Metaspace       used 5714K, capacity 6109K, committed 6272K, reserved 1056768K
  class space    used 718K, capacity 810K, committed 896K, reserved 1048576K
}
Event: 1.308 GC heap before
{Heap before GC invocations=1 (full 0):
 garbage-first heap   total 131072K, used 11562K [0x0000000080000000, 0x0000000100000000)
  region size 1024K, 9 young (9216K), 2 survivors (2048K)
 Metaspace       used 6913K, capacity 7241K, committed 7552K, reserved 1056768K
  class space    used 889K, capacity 1033K, committed 1152K, reserved 1048576K
}
Event: 1.313 GC heap after
{Heap after GC invocations=2 (full 0):
 garbage-first heap   total 131072K, used 5045K [0x0000000080000000, 0x0000000100000000)
  region size 1024K, 1 young (1024K), 1 survivors (1024K)
 Metaspace       used 6913K, capacity 7241K, committed 7552K, reserved 1056768K
  class space    used 889K, capacity 1033K, committed 1152K, reserved 1048576K
}
Event: 1.814 GC heap before
{Heap before GC invocations=2 (full 0):
 garbage-first heap   total 131072K, used 27573K [0x0000000080000000, 0x0000000100000000)
  region size 1024K, 24 young (24576K), 1 survivors (1024K)
 Metaspace       used 12469K, capacity 12916K, committed 13056K, reserved 1060864K
  class space    used 1620K, capacity 1784K, committed 1792K, reserved 1048576K
}
Event: 1.820 GC heap after
{Heap after GC invocations=3 (full 0):
 garbage-first heap   total 131072K, used 6171K [0x0000000080000000, 0x0000000100000000)
  region size 1024K, 2 young (2048K), 2 survivors (2048K)
 Metaspace       used 12469K, capacity 12916K, committed 13056K, reserved 1060864K
  class space    used 1620K, capacity 1784K, committed 1792K, reserved 1048576K
}
Event: 2.683 GC heap before
{Heap before GC invocations=3 (full 0):
 garbage-first heap   total 131072K, used 48155K [0x0000000080000000, 0x0000000100000000)
  region size 1024K, 44 young (45056K), 2 survivors (2048K)
 Metaspace       used 16698K, capacity 17232K, committed 17536K, reserved 1064960K
  class space    used 2183K, capacity 2366K, committed 2432K, reserved 1048576K
}
Event: 2.692 GC heap after
{Heap after GC invocations=4 (full 0):
 garbage-first heap   total 131072K, used 8682K [0x0000000080000000, 0x0000000100000000)
  region size 1024K, 4 young (4096K), 4 survivors (4096K)
 Metaspace       used 16698K, capacity 17232K, committed 17536K, reserved 1064960K
  class space    used 2183K, capacity 2366K, committed 2432K, reserved 1048576K
}
Event: 3.414 GC heap before
{Heap before GC invocations=4 (full 0):
 garbage-first heap   total 131072K, used 44522K [0x0000000080000000, 0x0000000100000000)
  region size 1024K, 40 young (40960K), 4 survivors (4096K)
 Metaspace       used 20660K, capacity 21163K, committed 21296K, reserved 1067008K
  class space    used 2681K, capacity 2884K, committed 2944K, reserved 1048576K
}
Event: 3.432 GC heap after
{Heap after GC invocations=5 (full 0):
 garbage-first heap   total 157696K, used 14421K [0x0000000080000000, 0x0000000100000000)
  region size 1024K, 8 young (8192K), 8 survivors (8192K)
 Metaspace       used 20660K, capacity 21163K, committed 21296K, reserved 1067008K
  class space    used 2681K, capacity 2884K, committed 2944K, reserved 1048576K
}

